<?xml version="1.0" encoding="UTF-8"?>
<!-- Generated by org.testng.reporters.JUnitReportReporter -->
<testsuite hostname="ATMECSINLT-085" failures="0" tests="1" name="com.atmecs.sample.testscripts.TestNGMethod" time="29.144" errors="0" timestamp="31 Oct 2019 15:17:05 GMT" skipped="0">
  <testcase classname="com.atmecs.sample.testscripts.TestNGMethod" name="xmlsuite" time="29.144"/>
</testsuite> <!-- com.atmecs.sample.testscripts.TestNGMethod -->
