<?xml version="1.0" encoding="UTF-8"?>
<!-- Generated by org.testng.reporters.JUnitReportReporter -->
<testsuite hostname="ATMECSINLT-085" failures="0" tests="1" name="com.atmecs.sample.testscripts.TestVerifyPhpTravels" time="14.440" errors="0" timestamp="31 Oct 2019 12:21:14 GMT" skipped="0">
  <testcase classname="com.atmecs.sample.testscripts.TestVerifyPhpTravels" name="verifyPhpTravels" time="14.440"/>
</testsuite> <!-- com.atmecs.sample.testscripts.TestVerifyPhpTravels -->
